<?xml version="1.0" encoding="UTF-8"?>
<!-- Generated by org.testng.reporters.JUnitXMLReporter -->
<testsuite ignored="0" hostname="FVFH83KCQ05N" failures="0" tests="4" name="Surefire test" time="11.488" errors="0" timestamp="2024-10-21T15:24:54 IST">
  <testcase classname="api.test.UserTest" name="testPostUser" time="5.741"/>
  <testcase classname="api.test.UserTest" name="testGetUserByName" time="1.166"/>
  <testcase classname="api.test.UserTest" name="testUpdateUserByName" time="2.215"/>
  <testcase classname="api.test.UserTest" name="testDeleteUserByName" time="1.087"/>
</testsuite> <!-- Surefire test -->
