<?xml version="1.0" encoding="UTF-8"?>
<!-- Generated by org.testng.reporters.JUnitXMLReporter -->
<testsuite ignored="0" hostname="FVFH83KCQ05N" failures="0" tests="8" name="Surefire test" time="17.87" errors="0" timestamp="2024-10-28T20:29:11 IST">
  <testcase classname="api.test.UserTest" name="testPostUser" time="6.004"/>
  <testcase classname="api.test.UserTest" name="testGetUserByName" time="1.488"/>
  <testcase classname="api.test.UserTest" name="testUpdateUserByName" time="2.546"/>
  <testcase classname="api.test.UserTest" name="testDeleteUserByName" time="1.308"/>
  <testcase classname="api.test.PetTest" name="testPostPet" time="1.36"/>
  <testcase classname="api.test.PetTest" name="testGetPetById" time="1.431"/>
  <testcase classname="api.test.PetTest" name="testUpdatePetById" time="1.305"/>
  <testcase classname="api.test.PetTest" name="testDeletePetById" time="1.145"/>
</testsuite> <!-- Surefire test -->
