<?xml version="1.0" encoding="UTF-8"?>
<!-- Generated by org.testng.reporters.JUnitXMLReporter -->
<testsuite ignored="0" hostname="FVFH83KCQ05N" failures="0" tests="4" name="Default test" time="9.458" errors="0" timestamp="2024-10-28T20:18:46 IST">
  <testcase classname="api.test.PetTest" name="testPostPet" time="3.992"/>
  <testcase classname="api.test.PetTest" name="testGetPetById" time="1.593"/>
  <testcase classname="api.test.PetTest" name="testUpdatePetById" time="1.425"/>
  <testcase classname="api.test.PetTest" name="testDeletePetById" time="1.307"/>
</testsuite> <!-- Default test -->
