<?xml version="1.0" encoding="UTF-8"?>
<testng-results ignored="0" total="4" passed="4" failed="0" skipped="0">
  <reporter-output>
  </reporter-output>
  <suite started-at="2024-10-21T13:42:32 IST" name="Surefire suite" finished-at="2024-10-21T13:42:45 IST" duration-ms="12743">
    <groups>
    </groups>
    <test started-at="2024-10-21T13:42:32 IST" name="Surefire test" finished-at="2024-10-21T13:42:45 IST" duration-ms="12743">
      <class name="api.test.UserTest">
        <test-method is-config="true" signature="setUpData()[pri:0, instance:api.test.UserTest@20f5239f]" started-at="2024-10-21T13:42:32 IST" name="setUpData" finished-at="2024-10-21T13:42:33 IST" duration-ms="967" status="PASS">
          <reporter-output>
          </reporter-output>
        </test-method> <!-- setUpData -->
        <test-method signature="testPostUser()[pri:1, instance:api.test.UserTest@20f5239f]" started-at="2024-10-21T13:42:33 IST" name="testPostUser" finished-at="2024-10-21T13:42:40 IST" duration-ms="6717" status="PASS">
          <reporter-output>
          </reporter-output>
        </test-method> <!-- testPostUser -->
        <test-method signature="testGetUserByName()[pri:2, instance:api.test.UserTest@20f5239f]" started-at="2024-10-21T13:42:40 IST" name="testGetUserByName" finished-at="2024-10-21T13:42:41 IST" duration-ms="1225" status="PASS">
          <reporter-output>
          </reporter-output>
        </test-method> <!-- testGetUserByName -->
        <test-method signature="testUpdateUserByName()[pri:3, instance:api.test.UserTest@20f5239f]" started-at="2024-10-21T13:42:41 IST" name="testUpdateUserByName" finished-at="2024-10-21T13:42:44 IST" duration-ms="2450" status="PASS">
          <reporter-output>
          </reporter-output>
        </test-method> <!-- testUpdateUserByName -->
        <test-method signature="testDeleteUserByName()[pri:4, instance:api.test.UserTest@20f5239f]" started-at="2024-10-21T13:42:44 IST" name="testDeleteUserByName" finished-at="2024-10-21T13:42:45 IST" duration-ms="1286" status="PASS">
          <reporter-output>
          </reporter-output>
        </test-method> <!-- testDeleteUserByName -->
      </class> <!-- api.test.UserTest -->
    </test> <!-- Surefire test -->
  </suite> <!-- Surefire suite -->
</testng-results>
