<?xml version="1.0" encoding="UTF-8"?>
<testng-results ignored="0" total="8" passed="8" failed="0" skipped="0">
  <reporter-output>
  </reporter-output>
  <suite started-at="2024-10-29T10:40:49 IST" name="Surefire suite" finished-at="2024-10-29T10:41:05 IST" duration-ms="15802">
    <groups>
    </groups>
    <test started-at="2024-10-29T10:40:49 IST" name="Surefire test" finished-at="2024-10-29T10:41:05 IST" duration-ms="15802">
      <class name="api.test.PetTest">
        <test-method is-config="true" signature="setUpData()[pri:0, instance:api.test.PetTest@3e6ef8ad]" started-at="2024-10-29T10:41:00 IST" name="setUpData" finished-at="2024-10-29T10:41:00 IST" duration-ms="71" status="PASS">
          <reporter-output>
          </reporter-output>
        </test-method> <!-- setUpData -->
        <test-method signature="testPostPet()[pri:1, instance:api.test.PetTest@3e6ef8ad]" started-at="2024-10-29T10:41:00 IST" name="testPostPet" finished-at="2024-10-29T10:41:01 IST" duration-ms="1251" status="PASS">
          <reporter-output>
          </reporter-output>
        </test-method> <!-- testPostPet -->
        <test-method signature="testGetPetById()[pri:2, instance:api.test.PetTest@3e6ef8ad]" started-at="2024-10-29T10:41:01 IST" name="testGetPetById" finished-at="2024-10-29T10:41:02 IST" duration-ms="1386" status="PASS">
          <reporter-output>
          </reporter-output>
        </test-method> <!-- testGetPetById -->
        <test-method signature="testUpdatePetById()[pri:3, instance:api.test.PetTest@3e6ef8ad]" started-at="2024-10-29T10:41:02 IST" name="testUpdatePetById" finished-at="2024-10-29T10:41:04 IST" duration-ms="1263" status="PASS">
          <reporter-output>
          </reporter-output>
        </test-method> <!-- testUpdatePetById -->
        <test-method signature="testDeletePetById()[pri:4, instance:api.test.PetTest@3e6ef8ad]" started-at="2024-10-29T10:41:04 IST" name="testDeletePetById" finished-at="2024-10-29T10:41:05 IST" duration-ms="1152" status="PASS">
          <reporter-output>
          </reporter-output>
        </test-method> <!-- testDeletePetById -->
      </class> <!-- api.test.PetTest -->
      <class name="api.test.UserTest">
        <test-method is-config="true" signature="setUpData()[pri:0, instance:api.test.UserTest@68c72235]" started-at="2024-10-29T10:40:49 IST" name="setUpData" finished-at="2024-10-29T10:40:50 IST" duration-ms="1420" status="PASS">
          <reporter-output>
          </reporter-output>
        </test-method> <!-- setUpData -->
        <test-method signature="testPostUser()[pri:1, instance:api.test.UserTest@68c72235]" started-at="2024-10-29T10:40:50 IST" name="testPostUser" finished-at="2024-10-29T10:40:55 IST" duration-ms="4161" status="PASS">
          <reporter-output>
          </reporter-output>
        </test-method> <!-- testPostUser -->
        <test-method signature="testGetUserByName()[pri:2, instance:api.test.UserTest@68c72235]" started-at="2024-10-29T10:40:55 IST" name="testGetUserByName" finished-at="2024-10-29T10:40:56 IST" duration-ms="1231" status="PASS">
          <reporter-output>
          </reporter-output>
        </test-method> <!-- testGetUserByName -->
        <test-method signature="testUpdateUserByName()[pri:3, instance:api.test.UserTest@68c72235]" started-at="2024-10-29T10:40:56 IST" name="testUpdateUserByName" finished-at="2024-10-29T10:40:58 IST" duration-ms="2544" status="PASS">
          <reporter-output>
          </reporter-output>
        </test-method> <!-- testUpdateUserByName -->
        <test-method signature="testDeleteUserByName()[pri:4, instance:api.test.UserTest@68c72235]" started-at="2024-10-29T10:40:58 IST" name="testDeleteUserByName" finished-at="2024-10-29T10:41:00 IST" duration-ms="1182" status="PASS">
          <reporter-output>
          </reporter-output>
        </test-method> <!-- testDeleteUserByName -->
      </class> <!-- api.test.UserTest -->
    </test> <!-- Surefire test -->
  </suite> <!-- Surefire suite -->
</testng-results>
