<?xml version="1.0" encoding="UTF-8"?>
<testng-results ignored="0" total="8" passed="8" failed="0" skipped="0">
  <reporter-output>
  </reporter-output>
  <suite started-at="2024-10-21T19:36:25 IST" name="PetSuite" finished-at="2024-10-21T19:36:41 IST" duration-ms="15932">
    <groups>
    </groups>
    <test started-at="2024-10-21T19:36:25 IST" name="PetTest" finished-at="2024-10-21T19:36:41 IST" duration-ms="15932">
      <class name="api.test.UserTest">
        <test-method is-config="true" signature="setUpData()[pri:0, instance:api.test.UserTest@53fb3dab]" started-at="2024-10-21T19:36:25 IST" name="setUpData" finished-at="2024-10-21T19:36:27 IST" duration-ms="1242" status="PASS">
          <reporter-output>
          </reporter-output>
        </test-method> <!-- setUpData -->
        <test-method signature="testPostUser()[pri:1, instance:api.test.UserTest@53fb3dab]" started-at="2024-10-21T19:36:27 IST" name="testPostUser" finished-at="2024-10-21T19:36:31 IST" duration-ms="3929" status="PASS">
          <reporter-output>
          </reporter-output>
        </test-method> <!-- testPostUser -->
        <test-method signature="testGetUserByName()[pri:2, instance:api.test.UserTest@53fb3dab]" started-at="2024-10-21T19:36:31 IST" name="testGetUserByName" finished-at="2024-10-21T19:36:32 IST" duration-ms="1277" status="PASS">
          <reporter-output>
          </reporter-output>
        </test-method> <!-- testGetUserByName -->
        <test-method signature="testUpdateUserByName()[pri:3, instance:api.test.UserTest@53fb3dab]" started-at="2024-10-21T19:36:32 IST" name="testUpdateUserByName" finished-at="2024-10-21T19:36:34 IST" duration-ms="2245" status="PASS">
          <reporter-output>
          </reporter-output>
        </test-method> <!-- testUpdateUserByName -->
        <test-method signature="testDeleteUserByName()[pri:4, instance:api.test.UserTest@53fb3dab]" started-at="2024-10-21T19:36:34 IST" name="testDeleteUserByName" finished-at="2024-10-21T19:36:35 IST" duration-ms="1100" status="PASS">
          <reporter-output>
          </reporter-output>
        </test-method> <!-- testDeleteUserByName -->
      </class> <!-- api.test.UserTest -->
      <class name="api.test.UserTest2">
        <test-method is-config="true" signature="setUpData()[pri:0, instance:api.test.UserTest2@75437611]" started-at="2024-10-21T19:36:35 IST" name="setUpData" finished-at="2024-10-21T19:36:35 IST" duration-ms="97" status="PASS">
          <reporter-output>
          </reporter-output>
        </test-method> <!-- setUpData -->
        <test-method signature="testPostUser()[pri:1, instance:api.test.UserTest2@75437611]" started-at="2024-10-21T19:36:35 IST" name="testPostUser" finished-at="2024-10-21T19:36:36 IST" duration-ms="1127" status="PASS">
          <reporter-output>
          </reporter-output>
        </test-method> <!-- testPostUser -->
        <test-method signature="testGetUserByName()[pri:2, instance:api.test.UserTest2@75437611]" started-at="2024-10-21T19:36:37 IST" name="testGetUserByName" finished-at="2024-10-21T19:36:38 IST" duration-ms="1081" status="PASS">
          <reporter-output>
          </reporter-output>
        </test-method> <!-- testGetUserByName -->
        <test-method signature="testUpdateUserByName()[pri:3, instance:api.test.UserTest2@75437611]" started-at="2024-10-21T19:36:38 IST" name="testUpdateUserByName" finished-at="2024-10-21T19:36:40 IST" duration-ms="2200" status="PASS">
          <reporter-output>
          </reporter-output>
        </test-method> <!-- testUpdateUserByName -->
        <test-method signature="testDeleteUserByName()[pri:4, instance:api.test.UserTest2@75437611]" started-at="2024-10-21T19:36:40 IST" name="testDeleteUserByName" finished-at="2024-10-21T19:36:41 IST" duration-ms="1068" status="PASS">
          <reporter-output>
          </reporter-output>
        </test-method> <!-- testDeleteUserByName -->
      </class> <!-- api.test.UserTest2 -->
    </test> <!-- PetTest -->
  </suite> <!-- PetSuite -->
</testng-results>
