<?xml version="1.0" encoding="UTF-8"?>
<testng-results ignored="0" total="8" passed="8" failed="0" skipped="0">
  <reporter-output>
  </reporter-output>
  <suite started-at="2024-10-29T12:39:28 IST" name="PetSuite" finished-at="2024-10-29T12:39:43 IST" duration-ms="15161">
    <groups>
    </groups>
    <test started-at="2024-10-29T12:39:28 IST" name="PetTest" finished-at="2024-10-29T12:39:43 IST" duration-ms="15161">
      <class name="api.test.PetTest">
        <test-method is-config="true" signature="setUpData()[pri:0, instance:api.test.PetTest@79e4c792]" started-at="2024-10-29T12:39:39 IST" name="setUpData" finished-at="2024-10-29T12:39:39 IST" duration-ms="51" status="PASS">
          <reporter-output>
          </reporter-output>
        </test-method> <!-- setUpData -->
        <test-method signature="testPostPet()[pri:1, instance:api.test.PetTest@79e4c792]" started-at="2024-10-29T12:39:39 IST" name="testPostPet" finished-at="2024-10-29T12:39:40 IST" duration-ms="1134" status="PASS">
          <reporter-output>
          </reporter-output>
        </test-method> <!-- testPostPet -->
        <test-method signature="testGetPetById()[pri:2, instance:api.test.PetTest@79e4c792]" started-at="2024-10-29T12:39:40 IST" name="testGetPetById" finished-at="2024-10-29T12:39:41 IST" duration-ms="1085" status="PASS">
          <reporter-output>
          </reporter-output>
        </test-method> <!-- testGetPetById -->
        <test-method signature="testUpdatePetById()[pri:3, instance:api.test.PetTest@79e4c792]" started-at="2024-10-29T12:39:41 IST" name="testUpdatePetById" finished-at="2024-10-29T12:39:42 IST" duration-ms="1092" status="PASS">
          <reporter-output>
          </reporter-output>
        </test-method> <!-- testUpdatePetById -->
        <test-method signature="testDeletePetById()[pri:4, instance:api.test.PetTest@79e4c792]" started-at="2024-10-29T12:39:42 IST" name="testDeletePetById" finished-at="2024-10-29T12:39:43 IST" duration-ms="1089" status="PASS">
          <reporter-output>
          </reporter-output>
        </test-method> <!-- testDeletePetById -->
      </class> <!-- api.test.PetTest -->
      <class name="api.test.UserTest">
        <test-method is-config="true" signature="setUpData()[pri:0, instance:api.test.UserTest@7bba5817]" started-at="2024-10-29T12:39:28 IST" name="setUpData" finished-at="2024-10-29T12:39:30 IST" duration-ms="1362" status="PASS">
          <reporter-output>
          </reporter-output>
        </test-method> <!-- setUpData -->
        <test-method signature="testPostUser()[pri:1, instance:api.test.UserTest@7bba5817]" started-at="2024-10-29T12:39:30 IST" name="testPostUser" finished-at="2024-10-29T12:39:34 IST" duration-ms="4290" status="PASS">
          <reporter-output>
          </reporter-output>
        </test-method> <!-- testPostUser -->
        <test-method signature="testGetUserByName()[pri:2, instance:api.test.UserTest@7bba5817]" started-at="2024-10-29T12:39:34 IST" name="testGetUserByName" finished-at="2024-10-29T12:39:35 IST" duration-ms="1186" status="PASS">
          <reporter-output>
          </reporter-output>
        </test-method> <!-- testGetUserByName -->
        <test-method signature="testUpdateUserByName()[pri:3, instance:api.test.UserTest@7bba5817]" started-at="2024-10-29T12:39:35 IST" name="testUpdateUserByName" finished-at="2024-10-29T12:39:37 IST" duration-ms="2248" status="PASS">
          <reporter-output>
          </reporter-output>
        </test-method> <!-- testUpdateUserByName -->
        <test-method signature="testDeleteUserByName()[pri:4, instance:api.test.UserTest@7bba5817]" started-at="2024-10-29T12:39:37 IST" name="testDeleteUserByName" finished-at="2024-10-29T12:39:39 IST" duration-ms="1087" status="PASS">
          <reporter-output>
          </reporter-output>
        </test-method> <!-- testDeleteUserByName -->
      </class> <!-- api.test.UserTest -->
    </test> <!-- PetTest -->
  </suite> <!-- PetSuite -->
</testng-results>
