<?xml version="1.0" encoding="UTF-8"?>
<!-- Generated by org.testng.reporters.JUnitReportReporter -->
<testsuite hostname="FVFH83KCQ05N" failures="0" tests="4" name="api.test.PetTest" time="5.081" errors="0" timestamp="2024-10-28T20:21:15 IST" skipped="0">
  <testcase classname="api.test.PetTest" name="testPostPet" time="1.339"/>
  <testcase classname="api.test.PetTest" name="testGetPetById" time="1.231"/>
  <testcase classname="api.test.PetTest" name="testUpdatePetById" time="1.200"/>
  <testcase classname="api.test.PetTest" name="testDeletePetById" time="1.311"/>
</testsuite> <!-- api.test.PetTest -->
