<?xml version="1.0" encoding="UTF-8"?>
<!-- Generated by org.testng.reporters.JUnitReportReporter -->
<testsuite hostname="FVFH83KCQ05N" failures="0" tests="4" name="api.test.UserTest" time="9.521" errors="0" timestamp="2024-10-29T10:41:55 IST" skipped="0">
  <testcase classname="api.test.UserTest" name="testPostUser" time="4.381"/>
  <testcase classname="api.test.UserTest" name="testGetUserByName" time="1.349"/>
  <testcase classname="api.test.UserTest" name="testUpdateUserByName" time="2.626"/>
  <testcase classname="api.test.UserTest" name="testDeleteUserByName" time="1.165"/>
</testsuite> <!-- api.test.UserTest -->
