<?xml version="1.0" encoding="UTF-8"?>
<!-- Generated by org.testng.reporters.JUnitReportReporter -->
<testsuite hostname="FVFH83KCQ05N" failures="0" tests="4" name="api.test.UserTest" time="9.118" errors="0" timestamp="2024-10-29T10:41:05 IST" skipped="0">
  <testcase classname="api.test.UserTest" name="testPostUser" time="4.161"/>
  <testcase classname="api.test.UserTest" name="testGetUserByName" time="1.231"/>
  <testcase classname="api.test.UserTest" name="testUpdateUserByName" time="2.544"/>
  <testcase classname="api.test.UserTest" name="testDeleteUserByName" time="1.182"/>
</testsuite> <!-- api.test.UserTest -->
