<?xml version="1.0" encoding="UTF-8"?>
<!-- Generated by org.testng.reporters.JUnitXMLReporter -->
<testsuite ignored="0" hostname="FVFH83KCQ05N" failures="0" tests="8" name="PetTest" time="16.427" errors="0" timestamp="2024-10-29T10:41:54 IST">
  <testcase classname="api.test.UserTest" name="testPostUser" time="4.381"/>
  <testcase classname="api.test.UserTest" name="testGetUserByName" time="1.349"/>
  <testcase classname="api.test.UserTest" name="testUpdateUserByName" time="2.626"/>
  <testcase classname="api.test.UserTest" name="testDeleteUserByName" time="1.165"/>
  <testcase classname="api.test.PetTest" name="testPostPet" time="1.393"/>
  <testcase classname="api.test.PetTest" name="testGetPetById" time="1.339"/>
  <testcase classname="api.test.PetTest" name="testUpdatePetById" time="1.212"/>
  <testcase classname="api.test.PetTest" name="testDeletePetById" time="1.224"/>
</testsuite> <!-- PetTest -->
