<?xml version="1.0" encoding="UTF-8"?>
<!-- Generated by org.testng.reporters.JUnitXMLReporter -->
<testsuite ignored="0" hostname="FVFH83KCQ05N" failures="0" tests="4" name="PetTests" time="9.848" errors="0" timestamp="2024-10-17T12:35:28 IST">
  <testcase classname="api.test.UserTest" name="testPostUser" time="4.117"/>
  <testcase classname="api.test.UserTest" name="testGetUserByName" time="1.164"/>
  <testcase classname="api.test.UserTest" name="testUpdateUserByName" time="2.346"/>
  <testcase classname="api.test.UserTest" name="testDeleteUserByName" time="1.154"/>
</testsuite> <!-- PetTests -->
