<?xml version="1.0" encoding="UTF-8"?>
<!-- Generated by org.testng.reporters.JUnitXMLReporter -->
<testsuite ignored="0" hostname="FVFH83KCQ05N" failures="0" tests="8" name="PetTest" time="15.906" errors="0" timestamp="2024-10-28T20:21:14 IST">
  <testcase classname="api.test.UserTest" name="testPostUser" time="4.215"/>
  <testcase classname="api.test.UserTest" name="testGetUserByName" time="1.222"/>
  <testcase classname="api.test.UserTest" name="testUpdateUserByName" time="2.346"/>
  <testcase classname="api.test.UserTest" name="testDeleteUserByName" time="1.225"/>
  <testcase classname="api.test.PetTest" name="testPostPet" time="1.339"/>
  <testcase classname="api.test.PetTest" name="testGetPetById" time="1.231"/>
  <testcase classname="api.test.PetTest" name="testUpdatePetById" time="1.2"/>
  <testcase classname="api.test.PetTest" name="testDeletePetById" time="1.311"/>
</testsuite> <!-- PetTest -->
